d:\maker\switchwidget\switchwidgetcase\switchwidgetcase\x64\release\solverwidget.obj
d:\maker\switchwidget\switchwidgetcase\switchwidgetcase\x64\release\pingguwidget.obj
d:\maker\switchwidget\switchwidgetcase\switchwidgetcase\x64\release\customsplashwidget.obj
d:\maker\switchwidget\switchwidgetcase\switchwidgetcase\x64\release\moc_customsplashwidget.obj
d:\maker\switchwidget\switchwidgetcase\switchwidgetcase\x64\release\moc_solverwidget.obj
d:\maker\switchwidget\switchwidgetcase\switchwidgetcase\x64\release\moc_customsplash.obj
d:\maker\switchwidget\switchwidgetcase\switchwidgetcase\x64\release\moc_switchwidgetcase.obj
d:\maker\switchwidget\switchwidgetcase\switchwidgetcase\x64\release\switchwidgetcase.obj
d:\maker\switchwidget\switchwidgetcase\switchwidgetcase\x64\release\moc_qidongwidget.obj
d:\maker\switchwidget\switchwidgetcase\switchwidgetcase\x64\release\main.obj
d:\maker\switchwidget\switchwidgetcase\switchwidgetcase\x64\release\qrc_switchwidgetcase.obj
d:\maker\switchwidget\switchwidgetcase\switchwidgetcase\x64\release\moc_pingguwidget.obj
d:\maker\switchwidget\switchwidgetcase\switchwidgetcase\x64\release\qidongwidget.obj
d:\maker\switchwidget\switchwidgetcase\switchwidgetcase\x64\release\customsplash.obj
d:\maker\switchwidget\switchwidgetcase\switchwidgetcase\x64\release\moc_custombutton.obj
d:\maker\switchwidget\switchwidgetcase\switchwidgetcase\x64\release\custombutton.obj
d:\maker\switchwidget\switchwidgetcase\switchwidgetcase\x64\release\shishidandaowidget.obj
d:\maker\switchwidget\switchwidgetcase\switchwidgetcase\x64\release\qidongshujuwidget.obj
d:\maker\switchwidget\switchwidgetcase\switchwidgetcase\x64\release\moc_kuaisudandaowidget.obj
d:\maker\switchwidget\switchwidgetcase\switchwidgetcase\x64\release\dandaoshuwidget.obj
d:\maker\switchwidget\switchwidgetcase\switchwidgetcase\x64\release\moc_shishidandaowidget.obj
d:\maker\switchwidget\switchwidgetcase\switchwidgetcase\x64\release\moc_qidongshujuwidget.obj
d:\maker\switchwidget\switchwidgetcase\switchwidgetcase\x64\release\anquanbianjiewidget.obj
d:\maker\switchwidget\switchwidgetcase\switchwidgetcase\x64\release\moc_anquanbianjiewidget.obj
d:\maker\switchwidget\switchwidgetcase\switchwidgetcase\x64\release\kuaisudandaowidget.obj
d:\maker\switchwidget\switchwidgetcase\switchwidgetcase\x64\release\moc_dandaoshuwidget.obj
d:\maker\newreposity\switchwidgetcase\switchwidgetcase\x64\release\kuaisudandaowidget.obj
d:\maker\newreposity\switchwidgetcase\switchwidgetcase\x64\release\qrc_switchwidgetcase.obj
d:\maker\newreposity\switchwidgetcase\switchwidgetcase\x64\release\moc_solverwidget.obj
d:\maker\newreposity\switchwidgetcase\switchwidgetcase\x64\release\customsplashwidget.obj
d:\maker\newreposity\switchwidgetcase\switchwidgetcase\x64\release\moc_dandaoshuwidget.obj
d:\maker\newreposity\switchwidgetcase\switchwidgetcase\x64\release\main.obj
d:\maker\newreposity\switchwidgetcase\switchwidgetcase\x64\release\moc_pingguwidget.obj
d:\maker\newreposity\switchwidgetcase\switchwidgetcase\x64\release\qidongshujuwidget.obj
d:\maker\newreposity\switchwidgetcase\switchwidgetcase\x64\release\pingguwidget.obj
d:\maker\newreposity\switchwidgetcase\switchwidgetcase\x64\release\moc_custombutton.obj
d:\maker\newreposity\switchwidgetcase\switchwidgetcase\x64\release\moc_switchwidgetcase.obj
d:\maker\newreposity\switchwidgetcase\switchwidgetcase\x64\release\moc_kuaisudandaowidget.obj
d:\maker\newreposity\switchwidgetcase\switchwidgetcase\x64\release\customsplash.obj
d:\maker\newreposity\switchwidgetcase\switchwidgetcase\x64\release\moc_shishidandaowidget.obj
d:\maker\newreposity\switchwidgetcase\switchwidgetcase\x64\release\anquanbianjiewidget.obj
d:\maker\newreposity\switchwidgetcase\switchwidgetcase\x64\release\moc_qidongshujuwidget.obj
d:\maker\newreposity\switchwidgetcase\switchwidgetcase\x64\release\solverwidget.obj
d:\maker\newreposity\switchwidgetcase\switchwidgetcase\x64\release\qidongwidget.obj
d:\maker\newreposity\switchwidgetcase\switchwidgetcase\x64\release\dandaoshuwidget.obj
d:\maker\newreposity\switchwidgetcase\switchwidgetcase\x64\release\moc_customsplash.obj
d:\maker\newreposity\switchwidgetcase\switchwidgetcase\x64\release\switchwidgetcase.obj
d:\maker\newreposity\switchwidgetcase\switchwidgetcase\x64\release\moc_customsplashwidget.obj
d:\maker\newreposity\switchwidgetcase\switchwidgetcase\x64\release\moc_qidongwidget.obj
d:\maker\newreposity\switchwidgetcase\switchwidgetcase\x64\release\custombutton.obj
d:\maker\newreposity\switchwidgetcase\switchwidgetcase\x64\release\moc_anquanbianjiewidget.obj
d:\maker\newreposity\switchwidgetcase\switchwidgetcase\x64\release\shishidandaowidget.obj
d:\maker\switchwidget\switchwidgetcase\x64\release\switchwidgetcase.exe
d:\maker\newreposity\switchwidgetcase\x64\release\switchwidgetcase.exe
d:\maker\newreposity\switchwidgetcase\switchwidgetcase\.\generatedfiles\release\moc_switchwidgetcase.cpp
d:\maker\newreposity\switchwidgetcase\switchwidgetcase\.\generatedfiles\release\moc_customsplashwidget.cpp
d:\maker\newreposity\switchwidgetcase\switchwidgetcase\.\generatedfiles\release\moc_kuaisudandaowidget.cpp
d:\maker\newreposity\switchwidgetcase\switchwidgetcase\.\generatedfiles\release\moc_shishidandaowidget.cpp
d:\maker\newreposity\switchwidgetcase\switchwidgetcase\.\generatedfiles\release\moc_anquanbianjiewidget.cpp
d:\maker\newreposity\switchwidgetcase\switchwidgetcase\.\generatedfiles\release\moc_dandaoshuwidget.cpp
d:\maker\newreposity\switchwidgetcase\switchwidgetcase\.\generatedfiles\release\moc_qidongshujuwidget.cpp
d:\maker\newreposity\switchwidgetcase\switchwidgetcase\.\generatedfiles\release\moc_customsplash.cpp
d:\maker\newreposity\switchwidgetcase\switchwidgetcase\.\generatedfiles\release\moc_solverwidget.cpp
d:\maker\newreposity\switchwidgetcase\switchwidgetcase\.\generatedfiles\release\moc_pingguwidget.cpp
d:\maker\newreposity\switchwidgetcase\switchwidgetcase\.\generatedfiles\release\moc_qidongwidget.cpp
d:\maker\newreposity\switchwidgetcase\switchwidgetcase\.\generatedfiles\release\moc_custombutton.cpp
d:\maker\newreposity\switchwidgetcase\switchwidgetcase\.\generatedfiles\qrc_switchwidgetcase.cpp
d:\maker\switchwidget\switchwidgetcase\switchwidgetcase\generatedfiles\ui_customsplash.h
d:\maker\switchwidget\switchwidgetcase\switchwidgetcase\generatedfiles\ui_customsplashwidget.h
d:\maker\switchwidget\switchwidgetcase\switchwidgetcase\generatedfiles\ui_pingguwidget.h
d:\maker\switchwidget\switchwidgetcase\switchwidgetcase\generatedfiles\ui_qidongwidget.h
d:\maker\switchwidget\switchwidgetcase\switchwidgetcase\generatedfiles\ui_solverwidget.h
d:\maker\switchwidget\switchwidgetcase\switchwidgetcase\generatedfiles\ui_switchwidgetcase.h
d:\maker\switchwidget\switchwidgetcase\switchwidgetcase\generatedfiles\qrc_switchwidgetcase.cpp
d:\maker\switchwidget\switchwidgetcase\switchwidgetcase\generatedfiles\release\moc_switchwidgetcase.cpp
d:\maker\switchwidget\switchwidgetcase\switchwidgetcase\generatedfiles\release\moc_customsplash.cpp
d:\maker\switchwidget\switchwidgetcase\switchwidgetcase\generatedfiles\release\moc_customsplashwidget.cpp
d:\maker\switchwidget\switchwidgetcase\switchwidgetcase\generatedfiles\release\moc_solverwidget.cpp
d:\maker\switchwidget\switchwidgetcase\switchwidgetcase\generatedfiles\release\moc_pingguwidget.cpp
d:\maker\switchwidget\switchwidgetcase\switchwidgetcase\generatedfiles\release\moc_qidongwidget.cpp
d:\maker\switchwidget\switchwidgetcase\switchwidgetcase\generatedfiles\ui_custombutton.h
d:\maker\switchwidget\switchwidgetcase\switchwidgetcase\generatedfiles\release\moc_custombutton.cpp
d:\maker\switchwidget\switchwidgetcase\switchwidgetcase\generatedfiles\ui_anquanbianjiewidget.h
d:\maker\switchwidget\switchwidgetcase\switchwidgetcase\generatedfiles\ui_dandaoshuwidget.h
d:\maker\switchwidget\switchwidgetcase\switchwidgetcase\generatedfiles\ui_kuaisudandaowidget.h
d:\maker\switchwidget\switchwidgetcase\switchwidgetcase\generatedfiles\ui_qidongshujuwidget.h
d:\maker\switchwidget\switchwidgetcase\switchwidgetcase\generatedfiles\ui_shishidandaowidget.h
d:\maker\switchwidget\switchwidgetcase\switchwidgetcase\generatedfiles\release\moc_kuaisudandaowidget.cpp
d:\maker\switchwidget\switchwidgetcase\switchwidgetcase\generatedfiles\release\moc_shishidandaowidget.cpp
d:\maker\switchwidget\switchwidgetcase\switchwidgetcase\generatedfiles\release\moc_anquanbianjiewidget.cpp
d:\maker\switchwidget\switchwidgetcase\switchwidgetcase\generatedfiles\release\moc_dandaoshuwidget.cpp
d:\maker\switchwidget\switchwidgetcase\switchwidgetcase\generatedfiles\release\moc_qidongshujuwidget.cpp
d:\maker\newreposity\switchwidgetcase\switchwidgetcase\generatedfiles\ui_anquanbianjiewidget.h
d:\maker\newreposity\switchwidgetcase\switchwidgetcase\generatedfiles\ui_dandaoshuwidget.h
d:\maker\newreposity\switchwidgetcase\switchwidgetcase\generatedfiles\ui_kuaisudandaowidget.h
d:\maker\newreposity\switchwidgetcase\switchwidgetcase\generatedfiles\ui_qidongshujuwidget.h
d:\maker\newreposity\switchwidgetcase\switchwidgetcase\generatedfiles\ui_shishidandaowidget.h
d:\maker\newreposity\switchwidgetcase\switchwidgetcase\generatedfiles\release\moc_switchwidgetcase.cpp
d:\maker\newreposity\switchwidgetcase\switchwidgetcase\generatedfiles\release\moc_customsplashwidget.cpp
d:\maker\newreposity\switchwidgetcase\switchwidgetcase\generatedfiles\release\moc_kuaisudandaowidget.cpp
d:\maker\newreposity\switchwidgetcase\switchwidgetcase\generatedfiles\release\moc_shishidandaowidget.cpp
d:\maker\newreposity\switchwidgetcase\switchwidgetcase\generatedfiles\release\moc_anquanbianjiewidget.cpp
d:\maker\newreposity\switchwidgetcase\switchwidgetcase\generatedfiles\release\moc_dandaoshuwidget.cpp
d:\maker\newreposity\switchwidgetcase\switchwidgetcase\generatedfiles\release\moc_qidongshujuwidget.cpp
d:\maker\newreposity\switchwidgetcase\switchwidgetcase\generatedfiles\ui_custombutton.h
d:\maker\newreposity\switchwidgetcase\switchwidgetcase\generatedfiles\ui_customsplash.h
d:\maker\newreposity\switchwidgetcase\switchwidgetcase\generatedfiles\ui_customsplashwidget.h
d:\maker\newreposity\switchwidgetcase\switchwidgetcase\generatedfiles\ui_pingguwidget.h
d:\maker\newreposity\switchwidgetcase\switchwidgetcase\generatedfiles\ui_qidongwidget.h
d:\maker\newreposity\switchwidgetcase\switchwidgetcase\generatedfiles\ui_solverwidget.h
d:\maker\newreposity\switchwidgetcase\switchwidgetcase\generatedfiles\ui_switchwidgetcase.h
d:\maker\newreposity\switchwidgetcase\switchwidgetcase\generatedfiles\qrc_switchwidgetcase.cpp
d:\maker\newreposity\switchwidgetcase\switchwidgetcase\generatedfiles\release\moc_customsplash.cpp
d:\maker\newreposity\switchwidgetcase\switchwidgetcase\generatedfiles\release\moc_solverwidget.cpp
d:\maker\newreposity\switchwidgetcase\switchwidgetcase\generatedfiles\release\moc_pingguwidget.cpp
d:\maker\newreposity\switchwidgetcase\switchwidgetcase\generatedfiles\release\moc_qidongwidget.cpp
d:\maker\newreposity\switchwidgetcase\switchwidgetcase\generatedfiles\release\moc_custombutton.cpp
d:\maker\newreposity\switchwidgetcase\switchwidgetcase\.\generatedfiles\ui_anquanbianjiewidget.h
d:\maker\newreposity\switchwidgetcase\switchwidgetcase\.\generatedfiles\ui_dandaoshuwidget.h
d:\maker\newreposity\switchwidgetcase\switchwidgetcase\.\generatedfiles\ui_kuaisudandaowidget.h
d:\maker\newreposity\switchwidgetcase\switchwidgetcase\.\generatedfiles\ui_qidongshujuwidget.h
d:\maker\newreposity\switchwidgetcase\switchwidgetcase\.\generatedfiles\ui_shishidandaowidget.h
d:\maker\newreposity\switchwidgetcase\switchwidgetcase\.\generatedfiles\ui_custombutton.h
d:\maker\newreposity\switchwidgetcase\switchwidgetcase\.\generatedfiles\ui_customsplash.h
d:\maker\newreposity\switchwidgetcase\switchwidgetcase\.\generatedfiles\ui_customsplashwidget.h
d:\maker\newreposity\switchwidgetcase\switchwidgetcase\.\generatedfiles\ui_pingguwidget.h
d:\maker\newreposity\switchwidgetcase\switchwidgetcase\.\generatedfiles\ui_qidongwidget.h
d:\maker\newreposity\switchwidgetcase\switchwidgetcase\.\generatedfiles\ui_solverwidget.h
d:\maker\newreposity\switchwidgetcase\switchwidgetcase\.\generatedfiles\ui_switchwidgetcase.h
d:\maker\newreposity\switchwidgetcase\switchwidgetcase\x64\release\switchwidgetcase.tlog\cl.command.1.tlog
d:\maker\newreposity\switchwidgetcase\switchwidgetcase\x64\release\switchwidgetcase.tlog\cl.read.1.tlog
d:\maker\newreposity\switchwidgetcase\switchwidgetcase\x64\release\switchwidgetcase.tlog\cl.write.1.tlog
d:\maker\newreposity\switchwidgetcase\switchwidgetcase\x64\release\switchwidgetcase.tlog\link.command.1.tlog
d:\maker\newreposity\switchwidgetcase\switchwidgetcase\x64\release\switchwidgetcase.tlog\link.read.1.tlog
d:\maker\newreposity\switchwidgetcase\switchwidgetcase\x64\release\switchwidgetcase.tlog\link.write.1.tlog
d:\maker\newreposity\switchwidgetcase\switchwidgetcase\x64\release\switchwidgetcase.tlog\moc.read.1u.tlog
d:\maker\newreposity\switchwidgetcase\switchwidgetcase\x64\release\switchwidgetcase.tlog\moc.write.1u.tlog
d:\maker\newreposity\switchwidgetcase\switchwidgetcase\x64\release\switchwidgetcase.tlog\rcc.read.1u.tlog
d:\maker\newreposity\switchwidgetcase\switchwidgetcase\x64\release\switchwidgetcase.tlog\rcc.write.1u.tlog
d:\maker\newreposity\switchwidgetcase\switchwidgetcase\x64\release\switchwidgetcase.tlog\switchwidgetcase.write.1u.tlog
d:\maker\newreposity\switchwidgetcase\switchwidgetcase\x64\release\switchwidgetcase.tlog\uic.read.1u.tlog
d:\maker\newreposity\switchwidgetcase\switchwidgetcase\x64\release\switchwidgetcase.tlog\uic.write.1u.tlog
